---------------------------------------------------------------------------------------
                    RDMA_Write BW Test
 Dual-port       : OFF		Device         : mlx5_0
 Number of qps   : 1		Transport type : IB
 Connection type : RC		Using SRQ      : OFF
 PCIe relax order: ON
 TX depth        : 128
 CQ Moderation   : 1
 Mtu             : 1024[B]
 Link type       : Ethernet
 GID index       : 2
 Max inline data : 0[B]
 rdma_cm QPs	 : OFF
 Data ex. method : Ethernet
---------------------------------------------------------------------------------------
 local address: LID 0000 QPN 0x0137 PSN 0x722036 RKey 0x00157d VAddr 0x007f24e7f01000
 GID: 00:00:00:00:00:00:00:00:00:00:255:255:100:100:100:200
 remote address: LID 0000 QPN 0x010b PSN 0x3f9966 RKey 0x001681 VAddr 0x007f72d9686000
 GID: 00:00:00:00:00:00:00:00:00:00:255:255:100:100:100:100
---------------------------------------------------------------------------------------
 #bytes     #iterations    BW peak[Gb/sec]    BW average[Gb/sec]   MsgRate[Mpps]
 65536      195176           0.00               20.47  		   0.039036
 65536      231390           0.00               24.26  		   0.046277
 65536      250575           0.00               26.27  		   0.050115
 65536      218062           0.00               22.86  		   0.043611
 65536      235554           0.00               24.70  		   0.047110
 65536      269408           0.00               28.25  		   0.053882
 65536      277990           0.00               29.15  		   0.055596
 65536      261289           0.00               27.40  		   0.052257
 65536      260405           0.00               27.30  		   0.052078
 65536      191522           0.00               20.08  		   0.038303
 65536      200641           0.00               21.04  		   0.040127
 65536      1326438          0.00               139.09 		   0.265285
 65536      1717947          0.00               180.14 		   0.343591
 65536      1722317          0.00               180.60 		   0.344465
 65536      1720415          0.00               180.40 		   0.344080
 65536      1722955          0.00               180.66 		   0.344585
 65536      1722988          0.00               180.67 		   0.344598
 65536      1723305          0.00               180.70 		   0.344659
 65536      1723113          0.00               180.68 		   0.344621
 65536      1722651          0.00               180.63 		   0.344526
 65536      1722966          0.00               180.67 		   0.344592
 65536      1723442          0.00               180.71 		   0.344675
 65536      1722904          0.00               180.66 		   0.344573
 65536      1722866          0.00               180.66 		   0.344574
 65536      1722220          0.00               180.59 		   0.344442
 65536      1723121          0.00               180.68 		   0.344628
 65536      1723110          0.00               180.68 		   0.344622
 65536      1722385          0.00               180.60 		   0.344470
 65536      1718388          0.00               180.18 		   0.343666
 65536      1723561          0.00               180.72 		   0.344698
 65536      1723320          0.00               180.70 		   0.344656
 65536      1722396          0.00               180.60 		   0.344472
 65536      1723139          0.00               180.68 		   0.344628
 65536      1723059          0.00               180.68 		   0.344612
 65536      1724187          0.00               180.79 		   0.344828
 65536      1723679          0.00               180.73 		   0.344712
 65536      1723279          0.00               180.70 		   0.344651
 65536      1723083          0.00               180.68 		   0.344611
 65536      1722885          0.00               180.65 		   0.344564
 65536      1723430          0.00               180.72 		   0.344687
 65536      1723835          0.00               180.75 		   0.344762
 65536      1722304          0.00               180.60 		   0.344462
 65536      1724012          0.00               180.77 		   0.344791
 65536      1722339          0.00               180.60 		   0.344465
 65536      1722625          0.00               180.62 		   0.344508
 65536      1723243          0.00               180.68 		   0.344629
 65536      1723058          0.00               180.68 		   0.344612
 65536      1723239          0.00               180.69 		   0.344640
 65536      1723922          0.00               180.77 		   0.344784
 65536      1723219          0.00               180.69 		   0.344647
 65536      1723670          0.00               180.74 		   0.344733
 65536      1724717          0.00               180.85 		   0.344944
 65536      1721935          0.00               180.56 		   0.344385
 65536      1723268          0.00               180.69 		   0.344645
 65536      1722553          0.00               180.61 		   0.344496
 65536      1723402          0.00               180.71 		   0.344681
 65536      1723862          0.00               180.76 		   0.344770
 65536      1723971          0.00               180.77 		   0.344792
 65536      1723506          0.00               180.72 		   0.344687
 65536      1724401          0.00               180.81 		   0.344877
 65536      1723507          0.00               180.72 		   0.344698
 65536      1722444          0.00               180.60 		   0.344468
 65536      1722894          0.00               180.66 		   0.344573
 65536      1723281          0.00               180.69 		   0.344647
 65536      1722523          0.00               180.61 		   0.344493
 65536      1723709          0.00               180.74 		   0.344738
 65536      1723472          0.00               180.72 		   0.344695
 65536      1723569          0.00               180.73 		   0.344715
 65536      1722255          0.00               180.59 		   0.344452
 65536      1722112          0.00               180.57 		   0.344419
 65536      1723286          0.00               180.69 		   0.344638
 65536      1722871          0.00               180.65 		   0.344553
 65536      1723751          0.00               180.75 		   0.344752
 65536      1723857          0.00               180.75 		   0.344756
 65536      1721883          0.00               180.54 		   0.344358
 65536      1722739          0.00               180.64 		   0.344551
 65536      1724685          0.00               180.84 		   0.344924
 65536      1723357          0.00               180.70 		   0.344654
 65536      1722307          0.00               180.60 		   0.344461
 65536      1723074          0.00               180.67 		   0.344607
 65536      1723006          0.00               180.66 		   0.344589
 65536      1723331          0.00               180.70 		   0.344665
 65536      1722518          0.00               180.62 		   0.344498
 65536      1723374          0.00               180.71 		   0.344678
 65536      1722769          0.00               180.64 		   0.344552
 65536      1723364          0.00               180.71 		   0.344668
 65536      1723885          0.00               180.76 		   0.344773
 65536      1722803          0.00               180.64 		   0.344544
 65536      1723134          0.00               180.68 		   0.344621
 65536      1722694          0.00               180.63 		   0.344534
 65536      1723333          0.00               180.70 		   0.344662
 65536      1723638          0.00               180.74 		   0.344726
 65536      1723648          0.00               180.74 		   0.344729
 65536      1724390          0.00               180.80 		   0.344857
 65536      1723671          0.00               180.74 		   0.344732
 65536      1722948          0.00               180.66 		   0.344584
 65536      1723487          0.00               180.71 		   0.344680
 65536      1723379          0.00               180.70 		   0.344659
 65536      1723234          0.00               180.69 		   0.344642
 65536      1723499          0.00               180.72 		   0.344694
 65536      1723566          0.00               180.73 		   0.344716
 65536      1724149          0.00               180.79 		   0.344830
 65536      1723481          0.00               180.71 		   0.344681
 65536      1724189          0.00               180.78 		   0.344820
 65536      1723831          0.00               180.76 		   0.344763
 65536      1723357          0.00               180.70 		   0.344659
 65536      1722551          0.00               180.62 		   0.344497
 65536      1722863          0.00               180.65 		   0.344572
 65536      1723354          0.00               180.70 		   0.344667
 65536      1723318          0.00               180.70 		   0.344664
 65536      1723807          0.00               180.76 		   0.344763
 65536      1723434          0.00               180.71 		   0.344686
 65536      1723552          0.00               180.73 		   0.344708
 65536      1723132          0.00               180.68 		   0.344621
 65536      1722930          0.00               180.66 		   0.344583
 65536      1723345          0.00               180.70 		   0.344667
 65536      1723103          0.00               180.68 		   0.344617
 65536      1723717          0.00               180.74 		   0.344744
 65536      1723098          0.00               180.68 		   0.344623
 65536      1723648          0.00               180.73 		   0.344714
 65536      1723120          0.00               180.68 		   0.344621
 65536      1723758          0.00               180.75 		   0.344746
 65536      1723506          0.00               180.71 		   0.344681
 65536      1722787          0.00               180.65 		   0.344555
 65536      1724008          0.00               180.77 		   0.344799
 65536      1723754          0.00               180.75 		   0.344748
 65536      1724129          0.00               180.79 		   0.344824
 65536      1723566          0.00               180.73 		   0.344712
 65536      1723873          0.00               180.75 		   0.344763
 65536      1722728          0.00               180.63 		   0.344529
 65536      1722677          0.00               180.64 		   0.344535
 65536      1724507          0.00               180.82 		   0.344889
 65536      1722427          0.00               180.60 		   0.344474
 65536      1723330          0.00               180.70 		   0.344663
 65536      1722872          0.00               180.66 		   0.344574
 65536      1723107          0.00               180.68 		   0.344623
 65536      1723472          0.00               180.72 		   0.344696
 65536      1722376          0.00               180.60 		   0.344468
 65536      1723058          0.00               180.67 		   0.344609
 65536      1721991          0.00               180.56 		   0.344396
 65536      1722541          0.00               180.62 		   0.344502
 65536      1721446          0.00               180.50 		   0.344281
 65536      1717705          0.00               180.11 		   0.343540
 65536      1720504          0.00               180.41 		   0.344102
 65536      1722837          0.00               180.65 		   0.344558
 65536      1721930          0.00               180.55 		   0.344372
 65536      1724161          0.00               180.79 		   0.344829
 65536      1723368          0.00               180.71 		   0.344667
 65536      1722533          0.00               180.61 		   0.344491
 65536      1723253          0.00               180.70 		   0.344651
 65536      1720548          0.00               180.41 		   0.344102
 65536      1719865          0.00               180.34 		   0.343975
 65536      1723767          0.00               180.74 		   0.344733
 65536      1719323          0.00               180.28 		   0.343865
 65536      1720910          0.00               180.44 		   0.344169
 65536      1722848          0.00               180.64 		   0.344551
 65536      1722289          0.00               180.59 		   0.344456